<?xml version="1.0" encoding="UTF-8"?>
<!-- Generated by org.testng.reporters.JUnitReportReporter -->
<testsuite hostname="LAPTOP-LG2N16NC" failures="0" tests="1" name="dataFromExcel.NonProfitCertifications" time="29.672" errors="0" timestamp="2021-08-07T17:58:37 IST" skipped="0">
  <testcase classname="dataFromExcel.NonProfitCertifications" name="NonProfitCertificationsTest" time="29.672"/>
  <system-out/>
</testsuite> <!-- dataFromExcel.NonProfitCertifications -->
