<?xml version="1.0" encoding="UTF-8"?>
<!-- Generated by org.testng.reporters.JUnitReportReporter -->
<testsuite hostname="LAPTOP-LG2N16NC" failures="0" tests="1" name="testNg.CreateNewOpportunity" time="24.866" errors="0" timestamp="2021-08-20T09:27:26 IST" skipped="0">
  <testcase classname="testNg.CreateNewOpportunity" name="CreateNewOpportunityTest" time="24.866"/>
  <system-out/>
</testsuite> <!-- testNg.CreateNewOpportunity -->
