<?xml version="1.0" encoding="UTF-8"?>
<!-- Generated by org.testng.reporters.JUnitReportReporter -->
<testsuite hostname="LAPTOP-LG2N16NC" failures="0" tests="1" name="dataFromExcel.OpportunitiesSortByAscending" time="48.310" errors="0" timestamp="2021-08-07T17:59:48 IST" skipped="0">
  <testcase classname="dataFromExcel.OpportunitiesSortByAscending" name="OpportunitiesSortByAscendingTest" time="48.310"/>
  <system-out/>
</testsuite> <!-- dataFromExcel.OpportunitiesSortByAscending -->
