<?xml version="1.0" encoding="UTF-8"?>
<!-- Generated by org.testng.reporters.JUnitReportReporter -->
<testsuite hostname="LAPTOP-LG2N16NC" failures="0" tests="1" name="dataFromExcel.DeleteOpportunity" time="31.103" errors="0" timestamp="2021-08-07T17:52:59 IST" skipped="0">
  <testcase classname="dataFromExcel.DeleteOpportunity" name="DeleteOpportunityTest" time="31.103"/>
  <system-out/>
</testsuite> <!-- dataFromExcel.DeleteOpportunity -->
