<?xml version="1.0" encoding="UTF-8"?>
<!-- Generated by org.testng.reporters.JUnitReportReporter -->
<testsuite hostname="LAPTOP-LG2N16NC" failures="0" tests="1" name="dataFromExcel.CreateNewOpportunity" time="29.719" errors="0" timestamp="2021-08-07T17:37:30 IST" skipped="0">
  <testcase classname="dataFromExcel.CreateNewOpportunity" name="CreateNewOpportunityTest" time="29.719"/>
  <system-out/>
</testsuite> <!-- dataFromExcel.CreateNewOpportunity -->
