<?xml version="1.0" encoding="UTF-8"?>
<!-- Generated by org.testng.reporters.JUnitReportReporter -->
<testsuite hostname="LAPTOP-LG2N16NC" failures="0" tests="1" name="dataFromExcel.VerifyGooglePlayStoreloadedToDownloadSalesForceA" time="21.528" errors="0" timestamp="2021-08-07T18:00:42 IST" skipped="0">
  <testcase classname="dataFromExcel.VerifyGooglePlayStoreloadedToDownloadSalesForceA" name="VerifyGooglePlayStoreloadedToDownloadSalesForceATest" time="21.528"/>
  <system-out/>
</testsuite> <!-- dataFromExcel.VerifyGooglePlayStoreloadedToDownloadSalesForceA -->
