<?xml version="1.0" encoding="UTF-8"?>
<!-- Generated by org.testng.reporters.JUnitReportReporter -->
<testsuite hostname="LAPTOP-LG2N16NC" failures="0" tests="2" name="testNg.CreateNewOpportunity" time="56.864" errors="0" timestamp="2021-08-15T20:33:31 IST" skipped="1">
  <testcase classname="testNg.CreateNewOpportunity" name="CreateNewOpportunityTest" time="23.963"/>
  <system-out/>
  <testcase classname="testNg.CreateNewOpportunity" name="CreateNewOpportunityTest" time="32.901">
    <skipped/>
  </testcase> <!-- CreateNewOpportunityTest -->
  <system-out/>
</testsuite> <!-- testNg.CreateNewOpportunity -->
