<?xml version="1.0" encoding="UTF-8"?>
<!-- Generated by org.testng.reporters.JUnitReportReporter -->
<testsuite hostname="LAPTOP-LG2N16NC" failures="0" tests="1" name="dataFromExcel.CreateNewOpportunityWithoutMandatoryFields" time="31.709" errors="0" timestamp="2021-08-07T17:50:53 IST" skipped="0">
  <testcase classname="dataFromExcel.CreateNewOpportunityWithoutMandatoryFields" name="CreateNewOpportunityWithoutMandatoryFieldsTest" time="31.709"/>
  <system-out/>
</testsuite> <!-- dataFromExcel.CreateNewOpportunityWithoutMandatoryFields -->
