<?xml version="1.0" encoding="UTF-8"?>
<!-- Generated by org.testng.reporters.JUnitReportReporter -->
<testsuite hostname="LAPTOP-LG2N16NC" failures="0" tests="1" name="testNg.DeleteOpportunity" time="25.631" errors="0" timestamp="2021-08-20T09:22:25 IST" skipped="0">
  <testcase classname="testNg.DeleteOpportunity" name="DeleteOpportunityTest" time="25.631"/>
  <system-out/>
</testsuite> <!-- testNg.DeleteOpportunity -->
