<?xml version="1.0" encoding="UTF-8"?>
<!-- Generated by org.testng.reporters.JUnitReportReporter -->
<testsuite hostname="LAPTOP-LG2N16NC" failures="0" tests="1" name="dataFromExcel.EditContact" time="39.753" errors="0" timestamp="2021-08-07T17:54:00 IST" skipped="0">
  <testcase classname="dataFromExcel.EditContact" name="EditContactTest" time="39.753"/>
  <system-out/>
</testsuite> <!-- dataFromExcel.EditContact -->
