<?xml version="1.0" encoding="UTF-8"?>
<!-- Generated by org.testng.reporters.JUnitReportReporter -->
<testsuite hostname="LAPTOP-LG2N16NC" failures="0" tests="3" name="testNg.DeleteOpportunity" time="69.668" errors="0" timestamp="2021-08-15T20:33:31 IST" skipped="2">
  <testcase classname="testNg.DeleteOpportunity" name="DeleteOpportunityTest" time="14.845">
    <skipped/>
  </testcase> <!-- DeleteOpportunityTest -->
  <system-out/>
  <testcase classname="testNg.DeleteOpportunity" name="DeleteOpportunityTest" time="30.805">
    <skipped/>
  </testcase> <!-- DeleteOpportunityTest -->
  <system-out/>
  <testcase classname="testNg.DeleteOpportunity" name="DeleteOpportunityTest" time="24.018"/>
  <system-out/>
</testsuite> <!-- testNg.DeleteOpportunity -->
