<?xml version="1.0" encoding="UTF-8"?>
<!-- Generated by org.testng.reporters.JUnitReportReporter -->
<testsuite hostname="LAPTOP-LG2N16NC" failures="0" tests="1" name="testNg.CreateNewOpportunityWithoutMandatoryFields" time="0.000" errors="0" timestamp="2021-08-15T16:31:43 IST" skipped="1">
  <testcase classname="testNg.CreateNewOpportunityWithoutMandatoryFields" name="CreateNewOpportunityWithoutMandatoryFieldsTest" time="0.000">
    <skipped/>
  </testcase> <!-- CreateNewOpportunityWithoutMandatoryFieldsTest -->
  <system-out/>
</testsuite> <!-- testNg.CreateNewOpportunityWithoutMandatoryFields -->
