<?xml version="1.0" encoding="UTF-8"?>
<!-- Generated by org.testng.reporters.JUnitReportReporter -->
<testsuite hostname="LAPTOP-LG2N16NC" failures="0" tests="1" name="dataFromExcel.EditOpportunity" time="29.731" errors="0" timestamp="2021-08-07T17:55:57 IST" skipped="0">
  <testcase classname="dataFromExcel.EditOpportunity" name="EditOpportunityTest" time="29.731"/>
  <system-out/>
</testsuite> <!-- dataFromExcel.EditOpportunity -->
