<?xml version="1.0" encoding="UTF-8"?>
<!-- Generated by org.testng.reporters.JUnitReportReporter -->
<testsuite hostname="LAPTOP-LG2N16NC" failures="0" tests="1" name="dataFromExcel.CreateserviceTerritories" time="26.638" errors="0" timestamp="2021-08-07T17:51:46 IST" skipped="0">
  <testcase classname="dataFromExcel.CreateserviceTerritories" name="CreateserviceTerritoriesTest" time="26.638"/>
  <system-out/>
</testsuite> <!-- dataFromExcel.CreateserviceTerritories -->
