<?xml version="1.0" encoding="UTF-8"?>
<!-- Generated by org.testng.reporters.JUnitReportReporter -->
<testsuite hostname="LAPTOP-LG2N16NC" failures="0" tests="1" name="testNg.EditOpportunity" time="27.641" errors="0" timestamp="2021-08-20T09:22:25 IST" skipped="0">
  <testcase classname="testNg.EditOpportunity" name="EditOpportunityTest" time="27.641"/>
  <system-out/>
</testsuite> <!-- testNg.EditOpportunity -->
