<?xml version="1.0" encoding="UTF-8"?>
<!-- Generated by org.testng.reporters.JUnitReportReporter -->
<testsuite hostname="LAPTOP-LG2N16NC" failures="0" tests="1" name="testNg.baseClass" time="14.074" errors="0" timestamp="2021-08-07T14:25:01 IST" skipped="0">
  <testcase classname="testNg.baseClass" name="openBrowserAndLogin" time="14.074"/>
  <system-out/>
</testsuite> <!-- testNg.baseClass -->
