<?xml version="1.0" encoding="UTF-8"?>
<!-- Generated by org.testng.reporters.JUnitReportReporter -->
<testsuite hostname="LAPTOP-LG2N16NC" failures="0" tests="1" name="testNg.OpportunitiesSortByAscending" time="48.788" errors="0" timestamp="2021-08-15T20:33:31 IST" skipped="0">
  <testcase classname="testNg.OpportunitiesSortByAscending" name="OpportunitiesSortByAscendingTest" time="48.788"/>
  <system-out/>
</testsuite> <!-- testNg.OpportunitiesSortByAscending -->
