<?xml version="1.0" encoding="UTF-8"?>
<!-- Generated by org.testng.reporters.JUnitReportReporter -->
<testsuite hostname="LAPTOP-LG2N16NC" failures="0" tests="1" name="testCases.CreateNewOpportunityTest" time="13.754" errors="0" timestamp="2021-08-21T15:27:31 IST" skipped="0">
  <testcase classname="testCases.CreateNewOpportunityTest" name="create" time="13.754"/>
  <system-out/>
</testsuite> <!-- testCases.CreateNewOpportunityTest -->
