<?xml version="1.0" encoding="UTF-8"?>
<!-- Generated by org.testng.reporters.JUnitReportReporter -->
<testsuite hostname="LAPTOP-LG2N16NC" failures="0" tests="1" name="testNg.EditContact" time="126.623" errors="0" timestamp="2021-08-15T16:31:43 IST" skipped="0">
  <testcase classname="testNg.EditContact" name="EditContactTest" time="126.623"/>
  <system-out/>
</testsuite> <!-- testNg.EditContact -->
