<?xml version="1.0" encoding="UTF-8"?>
<!-- Generated by org.testng.reporters.JUnitReportReporter -->
<testsuite hostname="LAPTOP-LG2N16NC" failures="0" tests="1" name="testNg.NonProfitCertifications" time="30.205" errors="0" timestamp="2021-08-15T20:33:31 IST" skipped="0">
  <testcase classname="testNg.NonProfitCertifications" name="NonProfitCertificationsTest" time="30.205"/>
  <system-out/>
</testsuite> <!-- testNg.NonProfitCertifications -->
