<?xml version="1.0" encoding="UTF-8"?>
<!-- Generated by org.testng.reporters.JUnitReportReporter -->
<testsuite hostname="LAPTOP-LG2N16NC" failures="0" tests="1" name="testNg.DeleteOpportunity" time="0.000" errors="0" timestamp="2021-08-20T08:52:14 IST" skipped="1">
  <testcase classname="testNg.DeleteOpportunity" name="DeleteOpportunityTest" time="0.000">
    <skipped/>
  </testcase> <!-- DeleteOpportunityTest -->
  <system-out/>
</testsuite> <!-- testNg.DeleteOpportunity -->
