<?xml version="1.0" encoding="UTF-8"?>
<!-- Generated by org.testng.reporters.JUnitReportReporter -->
<testsuite hostname="LAPTOP-LG2N16NC" failures="0" tests="1" name="dataFromExcel.EditWorkType" time="24.917" errors="0" timestamp="2021-08-07T17:56:58 IST" skipped="0">
  <testcase classname="dataFromExcel.EditWorkType" name="EditWorkTypeTest" time="24.917"/>
  <system-out/>
</testsuite> <!-- dataFromExcel.EditWorkType -->
