<?xml version="1.0" encoding="UTF-8"?>
<!-- Generated by org.testng.reporters.JUnitReportReporter -->
<testsuite hostname="LAPTOP-LG2N16NC" failures="0" tests="1" name="testNg.SalesForceClassicNewDashboard" time="0.006" errors="0" timestamp="2021-08-09T09:40:37 IST" skipped="0">
  <testcase classname="testNg.SalesForceClassicNewDashboard" name="salesForce_Classic_NewDashboard" time="0.006"/>
  <system-out/>
</testsuite> <!-- testNg.SalesForceClassicNewDashboard -->
